<?xml version="1.0" encoding="UTF-8"?>
<!-- Generated by org.testng.reporters.JUnitReportReporter -->
<testsuite hostname="WIN-8G1SA9UDL2R" failures="0" tests="1" name="IntroductionSel.testunit" time="0.015" errors="0" timestamp="2024-05-24T02:04:55 CDT" skipped="0">
  <testcase classname="IntroductionSel.testunit" name="demo" time="0.015"/>
  <system-out/>
</testsuite> <!-- IntroductionSel.testunit -->
