<?xml version="1.0" encoding="UTF-8"?>
<!-- Generated by org.testng.reporters.JUnitReportReporter -->
<testsuite hostname="WIN-8G1SA9UDL2R" failures="0" tests="1" name="testRunner.TestRun" time="4.622" errors="0" timestamp="2024-05-24T11:04:51 CDT" skipped="0">
  <testcase classname="testRunner.TestRun" name="runScenario" time="4.622"/>
  <system-out/>
</testsuite> <!-- testRunner.TestRun -->
